Build started 9/24/2015 10:15:21 AM.
     1>Project "C:\Users\Steven johnston\Documents\SET2ndYear\Relational Databases\Assignment1\Client\Client.vcxproj" on node 2 (Build target(s)).
     1>ClCompile:
         C:\Program Files (x86)\Microsoft Visual Studio 14.0\VC\bin\CL.exe /c /ZI /nologo /W3 /WX- /sdl /Od /Oy- /D WIN32 /D _DEBUG /D _CONSOLE /D _LIB /D _UNICODE /D UNICODE /Gm /EHsc /RTC1 /MDd /GS /fp:precise /Zc:wchar_t /Zc:forScope /Zc:inline /Fo"Debug\\" /Fd"Debug\vc140.pdb" /Gd /TP /analyze- /errorReport:prompt Client.cpp
         Client.cpp
     1>c:\users\steven johnston\documents\set2ndyear\relational databases\assignment1\client\client.cpp(54): warning C4244: 'argument': conversion from 'time_t' to 'unsigned int', possible loss of data
     1>c:\users\steven johnston\documents\set2ndyear\relational databases\assignment1\client\client.cpp(178): error C3861: 'findMember': identifier not found
     1>Done Building Project "C:\Users\Steven johnston\Documents\SET2ndYear\Relational Databases\Assignment1\Client\Client.vcxproj" (Build target(s)) -- FAILED.

Build FAILED.

Time Elapsed 00:00:01.68
